Build started 3/21/2011 9:29:56 PM.
     1>Project "C:\Users\Nick\Documents\Engineering\C++\cube_application\CubeApp\CubeApp\CubeApp.vcxproj" on node 2 (build target(s)).
     1>InitializeBuildStatus:
         Creating "Debug\CubeApp.unsuccessfulbuild" because "AlwaysCreate" was specified.
       ClCompile:
         C:\Program Files (x86)\Microsoft Visual Studio 10.0\VC\bin\CL.exe /c /ZI /nologo /W3 /WX- /Od /Oy- /D WIN32 /D _DEBUG /D _WINDOWS /D _UNICODE /D UNICODE /Gm /EHsc /RTC1 /MDd /GS /fp:precise /Zc:wchar_t /Zc:forScope /Fo"Debug\\" /Fd"Debug\vc100.pdb" /Gd /TC /analyze- /errorReport:prompt animations.c
         animations.c
     1>c:\users\nick\documents\engineering\c++\cube_application\cubeapp\cubeapp\animations.c(127): warning C4028: formal parameter 1 different from declaration
     1>c:\users\nick\documents\engineering\c++\cube_application\cubeapp\cubeapp\animations.c(148): warning C4996: 'fopen': This function or variable may be unsafe. Consider using fopen_s instead. To disable deprecation, use _CRT_SECURE_NO_WARNINGS. See online help for details.
                 c:\program files (x86)\microsoft visual studio 10.0\vc\include\stdio.h(234) : see declaration of 'fopen'
     1>c:\users\nick\documents\engineering\c++\cube_application\cubeapp\cubeapp\animations.c(303): warning C4996: 'ctime': This function or variable may be unsafe. Consider using ctime_s instead. To disable deprecation, use _CRT_SECURE_NO_WARNINGS. See online help for details.
                 c:\program files (x86)\microsoft visual studio 10.0\vc\include\time.inl(86) : see declaration of 'ctime'
     1>c:\users\nick\documents\engineering\c++\cube_application\cubeapp\cubeapp\animations.c(315): warning C4996: 'itoa': The POSIX name for this item is deprecated. Instead, use the ISO C++ conformant name: _itoa. See online help for details.
                 c:\program files (x86)\microsoft visual studio 10.0\vc\include\stdlib.h(867) : see declaration of 'itoa'
     1>c:\users\nick\documents\engineering\c++\cube_application\cubeapp\cubeapp\animations.c(584): warning C4244: '=' : conversion from 'double' to 'int', possible loss of data
     1>c:\users\nick\documents\engineering\c++\cube_application\cubeapp\cubeapp\animations.c(585): warning C4244: '=' : conversion from 'double' to 'int', possible loss of data
     1>c:\users\nick\documents\engineering\c++\cube_application\cubeapp\cubeapp\animations.c(328): warning C4700: uninitialized local variable 'tempNum' used
       ResourceCompile:
         All outputs are up-to-date.
       ManifestResourceCompile:
         All outputs are up-to-date.
       Link:
         C:\Program Files (x86)\Microsoft Visual Studio 10.0\VC\bin\link.exe /ERRORREPORT:PROMPT /OUT:"C:\Users\Nick\Documents\Engineering\C++\cube_application\CubeApp\Debug\CubeApp.exe" /INCREMENTAL /NOLOGO /LIBPATH:"C:\Program Files (x86)\Microsoft DirectX SDK (June 2010)\Lib\x86" DxErr.lib dsound.lib dxguid.lib winmm.lib kernel32.lib user32.lib gdi32.lib winspool.lib comdlg32.lib advapi32.lib shell32.lib ole32.lib oleaut32.lib uuid.lib odbc32.lib odbccp32.lib /MANIFEST /ManifestFile:"Debug\CubeApp.exe.intermediate.manifest" /MANIFESTUAC:"level='asInvoker' uiAccess='false'" /DEBUG /PDB:"C:\Users\Nick\Documents\Engineering\C++\cube_application\CubeApp\Debug\CubeApp.pdb" /SUBSYSTEM:WINDOWS /TLBID:1 /DYNAMICBASE /NXCOMPAT /IMPLIB:"C:\Users\Nick\Documents\Engineering\C++\cube_application\CubeApp\Debug\CubeApp.lib" /MACHINE:X86 Debug\resource.res
         Debug\CubeApp.exe.embed.manifest.res
         Debug\animations.obj
         Debug\CUBE_APP.obj
         Debug\images.obj
         Debug\serial.obj
       Manifest:
         C:\Program Files (x86)\Microsoft SDKs\Windows\v7.0A\bin\mt.exe /nologo /verbose /out:"Debug\CubeApp.exe.embed.manifest" /manifest Debug\CubeApp.exe.intermediate.manifest
         All outputs are up-to-date.
       LinkEmbedManifest:
         All outputs are up-to-date.
         CubeApp.vcxproj -> C:\Users\Nick\Documents\Engineering\C++\cube_application\CubeApp\Debug\CubeApp.exe
       FinalizeBuildStatus:
         Deleting file "Debug\CubeApp.unsuccessfulbuild".
         Touching "Debug\CubeApp.lastbuildstate".
     1>Done Building Project "C:\Users\Nick\Documents\Engineering\C++\cube_application\CubeApp\CubeApp\CubeApp.vcxproj" (build target(s)).

Build succeeded.

Time Elapsed 00:00:00.49
