C:\USERS\NICK\DOCUMENTS\ENGINEERING\C++\CUBE_APPLICATION\CUBEAPP\CUBEAPP\DEBUG\ANIMATIONS.OBJ
C:\Users\Nick\Documents\Engineering\C++\cube_application\CubeApp\CubeApp\Debug\cl.command.1.tlog
C:\Users\Nick\Documents\Engineering\C++\cube_application\CubeApp\CubeApp\Debug\CL.read.1.tlog
C:\Users\Nick\Documents\Engineering\C++\cube_application\CubeApp\CubeApp\Debug\CL.write.1.tlog
C:\USERS\NICK\DOCUMENTS\ENGINEERING\C++\CUBE_APPLICATION\CUBEAPP\CUBEAPP\DEBUG\CUBE_APP.OBJ
C:\USERS\NICK\DOCUMENTS\ENGINEERING\C++\CUBE_APPLICATION\CUBEAPP\CUBEAPP\DEBUG\CUBEAPP.EXE.EMBED.MANIFEST
C:\USERS\NICK\DOCUMENTS\ENGINEERING\C++\CUBE_APPLICATION\CUBEAPP\CUBEAPP\DEBUG\CUBEAPP.EXE.EMBED.MANIFEST.RES
C:\USERS\NICK\DOCUMENTS\ENGINEERING\C++\CUBE_APPLICATION\CUBEAPP\CUBEAPP\DEBUG\CUBEAPP.EXE.INTERMEDIATE.MANIFEST
C:\Users\Nick\Documents\Engineering\C++\cube_application\CubeApp\CubeApp\Debug\CubeApp_manifest.rc
C:\USERS\NICK\DOCUMENTS\ENGINEERING\C++\CUBE_APPLICATION\CUBEAPP\CUBEAPP\DEBUG\IMAGES.OBJ
C:\Users\Nick\Documents\Engineering\C++\cube_application\CubeApp\CubeApp\Debug\link.command.1.tlog
C:\Users\Nick\Documents\Engineering\C++\cube_application\CubeApp\CubeApp\Debug\link.read.1.tlog
C:\Users\Nick\Documents\Engineering\C++\cube_application\CubeApp\CubeApp\Debug\link.write.1.tlog
C:\Users\Nick\Documents\Engineering\C++\cube_application\CubeApp\CubeApp\Debug\link-cvtres.read.1.tlog
C:\Users\Nick\Documents\Engineering\C++\cube_application\CubeApp\CubeApp\Debug\link-cvtres.write.1.tlog
C:\Users\Nick\Documents\Engineering\C++\cube_application\CubeApp\CubeApp\Debug\mt.command.1.tlog
C:\Users\Nick\Documents\Engineering\C++\cube_application\CubeApp\CubeApp\Debug\mt.read.1.tlog
C:\Users\Nick\Documents\Engineering\C++\cube_application\CubeApp\CubeApp\Debug\mt.write.1.tlog
C:\Users\Nick\Documents\Engineering\C++\cube_application\CubeApp\CubeApp\Debug\rc.command.1.tlog
C:\Users\Nick\Documents\Engineering\C++\cube_application\CubeApp\CubeApp\Debug\rc.read.1.tlog
C:\Users\Nick\Documents\Engineering\C++\cube_application\CubeApp\CubeApp\Debug\rc.write.1.tlog
C:\USERS\NICK\DOCUMENTS\ENGINEERING\C++\CUBE_APPLICATION\CUBEAPP\CUBEAPP\DEBUG\RESOURCE.RES
C:\USERS\NICK\DOCUMENTS\ENGINEERING\C++\CUBE_APPLICATION\CUBEAPP\CUBEAPP\DEBUG\SERIAL.OBJ
C:\Users\Nick\Documents\Engineering\C++\cube_application\CubeApp\CubeApp\Debug\vc100.idb
C:\USERS\NICK\DOCUMENTS\ENGINEERING\C++\CUBE_APPLICATION\CUBEAPP\CUBEAPP\DEBUG\VC100.PDB
C:\USERS\NICK\DOCUMENTS\ENGINEERING\C++\CUBE_APPLICATION\CUBEAPP\DEBUG\CUBEAPP.EXE
C:\USERS\NICK\DOCUMENTS\ENGINEERING\C++\CUBE_APPLICATION\CUBEAPP\DEBUG\CUBEAPP.ILK
C:\USERS\NICK\DOCUMENTS\ENGINEERING\C++\CUBE_APPLICATION\CUBEAPP\DEBUG\CUBEAPP.PDB
