C:\USERS\NICK\DOCUMENTS\ENGINEERING\C++\CUBE_APPLICATION\CUBEAPP\CUBEAPP\RELEASE\ANIMATIONS.OBJ
C:\Users\Nick\Documents\Engineering\C++\cube_application\CubeApp\CubeApp\Release\cl.command.1.tlog
C:\Users\Nick\Documents\Engineering\C++\cube_application\CubeApp\CubeApp\Release\CL.read.1.tlog
C:\Users\Nick\Documents\Engineering\C++\cube_application\CubeApp\CubeApp\Release\CL.write.1.tlog
C:\USERS\NICK\DOCUMENTS\ENGINEERING\C++\CUBE_APPLICATION\CUBEAPP\CUBEAPP\RELEASE\CUBE_APP.OBJ
C:\USERS\NICK\DOCUMENTS\ENGINEERING\C++\CUBE_APPLICATION\CUBEAPP\CUBEAPP\RELEASE\CUBEAPP.EXE.INTERMEDIATE.MANIFEST
C:\USERS\NICK\DOCUMENTS\ENGINEERING\C++\CUBE_APPLICATION\CUBEAPP\CUBEAPP\RELEASE\IMAGES.OBJ
C:\Users\Nick\Documents\Engineering\C++\cube_application\CubeApp\CubeApp\Release\link.command.1.tlog
C:\Users\Nick\Documents\Engineering\C++\cube_application\CubeApp\CubeApp\Release\link.read.1.tlog
C:\Users\Nick\Documents\Engineering\C++\cube_application\CubeApp\CubeApp\Release\link.write.1.tlog
C:\Users\Nick\Documents\Engineering\C++\cube_application\CubeApp\CubeApp\Release\link-cvtres.read.1.tlog
C:\Users\Nick\Documents\Engineering\C++\cube_application\CubeApp\CubeApp\Release\link-cvtres.write.1.tlog
C:\Users\Nick\Documents\Engineering\C++\cube_application\CubeApp\CubeApp\Release\mt.command.1.tlog
C:\Users\Nick\Documents\Engineering\C++\cube_application\CubeApp\CubeApp\Release\mt.read.1.tlog
C:\Users\Nick\Documents\Engineering\C++\cube_application\CubeApp\CubeApp\Release\mt.write.1.tlog
C:\Users\Nick\Documents\Engineering\C++\cube_application\CubeApp\CubeApp\Release\rc.command.1.tlog
C:\Users\Nick\Documents\Engineering\C++\cube_application\CubeApp\CubeApp\Release\rc.read.1.tlog
C:\Users\Nick\Documents\Engineering\C++\cube_application\CubeApp\CubeApp\Release\rc.write.1.tlog
C:\USERS\NICK\DOCUMENTS\ENGINEERING\C++\CUBE_APPLICATION\CUBEAPP\CUBEAPP\RELEASE\RESOURCE.RES
C:\USERS\NICK\DOCUMENTS\ENGINEERING\C++\CUBE_APPLICATION\CUBEAPP\CUBEAPP\RELEASE\SERIAL.OBJ
C:\USERS\NICK\DOCUMENTS\ENGINEERING\C++\CUBE_APPLICATION\CUBEAPP\CUBEAPP\RELEASE\VC100.PDB
C:\USERS\NICK\DOCUMENTS\ENGINEERING\C++\CUBE_APPLICATION\CUBEAPP\RELEASE\CUBEAPP.EXE
C:\USERS\NICK\DOCUMENTS\ENGINEERING\C++\CUBE_APPLICATION\CUBEAPP\RELEASE\CUBEAPP.PDB
